<?xml version="1.0" encoding="UTF-8"?>
<testng-results skipped="0" failed="0" ignored="0" total="1" passed="1">
  <reporter-output>
  </reporter-output>
  <suite name="Default suite" duration-ms="4284" started-at="2021-01-05T05:11:06Z" finished-at="2021-01-05T05:11:10Z">
    <groups>
    </groups>
    <test name="Default test" duration-ms="4284" started-at="2021-01-05T05:11:06Z" finished-at="2021-01-05T05:11:10Z">
      <class name="Pages.UserRegistration">
        <test-method status="PASS" signature="getAuthToken()[pri:0, instance:Pages.UserRegistration@26653222]" name="getAuthToken" duration-ms="4222" started-at="2021-01-05T05:11:06Z" finished-at="2021-01-05T05:11:10Z">
          <reporter-output>
          </reporter-output>
        </test-method> <!-- getAuthToken -->
      </class> <!-- Pages.UserRegistration -->
    </test> <!-- Default test -->
  </suite> <!-- Default suite -->
</testng-results>
